<?xml version="1.0" encoding="UTF-8"?>
<!-- Generated by org.testng.reporters.JUnitReportReporter -->
<testsuite hostname="DESKTOP-5RCO591" name="semillero.pruebasUnitarias.OperacionesAritmeticasTest" tests="2" failures="0" timestamp="22 Oct 2021 14:08:13 GMT" time="0.005" errors="0">
  <testcase name="validarResultadoSumaFallido" time="0.001" classname="semillero.pruebasUnitarias.OperacionesAritmeticasTest"/>
  <testcase name="validarResultadoSumaExitoso" time="0.004" classname="semillero.pruebasUnitarias.OperacionesAritmeticasTest"/>
</testsuite> <!-- semillero.pruebasUnitarias.OperacionesAritmeticasTest -->
